[debug] [2021-04-18T23:45:26.769Z] ----------------------------------------------------------------------
[debug] [2021-04-18T23:45:26.771Z] Command:       C:\Program Files\nodejs\node.exe C:\Users\steve\AppData\Roaming\npm\node_modules\firebase-tools\lib\bin\firebase.js deploy
[debug] [2021-04-18T23:45:26.772Z] CLI Version:   9.10.0
[debug] [2021-04-18T23:45:26.772Z] Platform:      win32
[debug] [2021-04-18T23:45:26.772Z] Node Version:  v14.15.4
[debug] [2021-04-18T23:45:26.773Z] Time:          Sun Apr 18 2021 18:45:26 GMT-0500 (Central Daylight Time)
[debug] [2021-04-18T23:45:26.773Z] ----------------------------------------------------------------------
[debug] 
[debug] [2021-04-18T23:45:26.785Z] > command requires scopes: ["email","openid","https://www.googleapis.com/auth/cloudplatformprojects.readonly","https://www.googleapis.com/auth/firebase","https://www.googleapis.com/auth/cloud-platform"]
[debug] [2021-04-18T23:45:26.785Z] > authorizing via signed-in user (strichter48@gmail.com)
[debug] [2021-04-18T23:45:26.786Z] [iam] checking project ganart-io for permissions ["firebase.projects.get","firebasehosting.sites.update"]
[debug] [2021-04-18T23:45:26.788Z] > refreshing access token with scopes: ["email","https://www.googleapis.com/auth/cloud-platform","https://www.googleapis.com/auth/cloudplatformprojects.readonly","https://www.googleapis.com/auth/firebase","openid"]
[debug] [2021-04-18T23:45:26.788Z] >>> HTTP REQUEST POST https://www.googleapis.com/oauth2/v3/token  
 <request body omitted>
[debug] [2021-04-18T23:45:26.924Z] <<< HTTP RESPONSE 200 {"cache-control":"no-cache, no-store, max-age=0, must-revalidate","date":"Sun, 18 Apr 2021 23:45:26 GMT","pragma":"no-cache","expires":"Mon, 01 Jan 1990 00:00:00 GMT","content-type":"application/json; charset=utf-8","vary":"X-Origin, Referer, Origin,Accept-Encoding","server":"scaffolding on HTTPServer2","x-xss-protection":"0","x-frame-options":"SAMEORIGIN","x-content-type-options":"nosniff","alt-svc":"h3-29=\":443\"; ma=2592000,h3-T051=\":443\"; ma=2592000,h3-Q050=\":443\"; ma=2592000,h3-Q046=\":443\"; ma=2592000,h3-Q043=\":443\"; ma=2592000,quic=\":443\"; ma=2592000; v=\"46,43\"","accept-ranges":"none","transfer-encoding":"chunked"}
[debug] [2021-04-18T23:45:26.943Z] >>> HTTP REQUEST POST https://cloudresourcemanager.googleapis.com/v1/projects/ganart-io:testIamPermissions  
 {"permissions":["firebase.projects.get","firebasehosting.sites.update"]}
[debug] [2021-04-18T23:45:27.190Z] <<< HTTP RESPONSE 200 {"content-type":"application/json; charset=UTF-8","vary":"X-Origin, Referer, Origin,Accept-Encoding","date":"Sun, 18 Apr 2021 23:45:26 GMT","server":"ESF","cache-control":"private","x-xss-protection":"0","x-frame-options":"SAMEORIGIN","x-content-type-options":"nosniff","server-timing":"gfet4t7; dur=186","alt-svc":"h3-29=\":443\"; ma=2592000,h3-T051=\":443\"; ma=2592000,h3-Q050=\":443\"; ma=2592000,h3-Q046=\":443\"; ma=2592000,h3-Q043=\":443\"; ma=2592000,quic=\":443\"; ma=2592000; v=\"46,43\"","accept-ranges":"none","transfer-encoding":"chunked"}
[debug] [2021-04-18T23:45:27.191Z] [iam] error while checking permissions, command may fail: FirebaseError: Authorization failed. This account is missing the following required permissions on project ganart-io:

  firebase.projects.get
  firebasehosting.sites.update
[debug] [2021-04-18T23:45:27.192Z] > refreshing access token with scopes: []
[debug] [2021-04-18T23:45:27.193Z] >>> HTTP REQUEST POST https://www.googleapis.com/oauth2/v3/token  
 <request body omitted>
[debug] [2021-04-18T23:45:27.292Z] <<< HTTP RESPONSE 200 {"pragma":"no-cache","date":"Sun, 18 Apr 2021 23:45:26 GMT","cache-control":"no-cache, no-store, max-age=0, must-revalidate","expires":"Mon, 01 Jan 1990 00:00:00 GMT","content-type":"application/json; charset=utf-8","vary":"X-Origin, Referer, Origin,Accept-Encoding","server":"scaffolding on HTTPServer2","x-xss-protection":"0","x-frame-options":"SAMEORIGIN","x-content-type-options":"nosniff","alt-svc":"h3-29=\":443\"; ma=2592000,h3-T051=\":443\"; ma=2592000,h3-Q050=\":443\"; ma=2592000,h3-Q046=\":443\"; ma=2592000,h3-Q043=\":443\"; ma=2592000,quic=\":443\"; ma=2592000; v=\"46,43\"","accept-ranges":"none","transfer-encoding":"chunked"}
[debug] [2021-04-18T23:45:27.310Z] >>> [apiv2][query] GET https://firebase.googleapis.com/v1beta1/projects/ganart-io [none]
[debug] [2021-04-18T23:45:27.501Z] <<< [apiv2][status] GET https://firebase.googleapis.com/v1beta1/projects/ganart-io 403
[debug] [2021-04-18T23:45:27.501Z] <<< [apiv2][body] GET https://firebase.googleapis.com/v1beta1/projects/ganart-io {"error":{"code":403,"message":"The caller does not have permission","status":"PERMISSION_DENIED"}}
[debug] [2021-04-18T23:45:27.502Z] HTTP Error: 403, The caller does not have permission
[debug] [2021-04-18T23:45:27.583Z] FirebaseError: HTTP Error: 403, The caller does not have permission
    at module.exports (C:\Users\steve\AppData\Roaming\npm\node_modules\firebase-tools\lib\responseToError.js:38:12)
    at Client.doRequest (C:\Users\steve\AppData\Roaming\npm\node_modules\firebase-tools\lib\apiv2.js:238:23)
    at processTicksAndRejections (internal/process/task_queues.js:93:5)
    at async Client.request (C:\Users\steve\AppData\Roaming\npm\node_modules\firebase-tools\lib\apiv2.js:96:20)
    at async Object.getFirebaseProject (C:\Users\steve\AppData\Roaming\npm\node_modules\firebase-tools\lib\management\projects.js:290:21)
    at async Object.getDefaultHostingSite (C:\Users\steve\AppData\Roaming\npm\node_modules\firebase-tools\lib\getDefaultHostingSite.js:8:21)
    at async requireHostingSite (C:\Users\steve\AppData\Roaming\npm\node_modules\firebase-tools\lib\requireHostingSite.js:9:18)
    at async Object.fn (C:\Users\steve\AppData\Roaming\npm\node_modules\firebase-tools\lib\commands\deploy.js:66:9)
    at async C:\Users\steve\AppData\Roaming\npm\node_modules\firebase-tools\lib\command.js:169:17
[error] 
[error] Error: Failed to get Firebase project ganart-io. Please make sure the project exists and your account has permission to access it.
